<?xml version="1.0" encoding="UTF-8"?>
<!-- Generated by org.testng.reporters.JUnitXMLReporter -->
<testsuite ignored="1" hostname="LAPTOP-50EOP4VT" failures="0" tests="13" name="Test" time="625.732" errors="0" timestamp="2023-11-27T11:17:57 IST">
  <testcase classname="testP1.TC0001__SignUpP1Positive" name="Register" time="24.17"/>
  <testcase classname="testP1.TC0001__SignUpP1Positive" name="Register" time="23.688"/>
  <testcase classname="testP1.TC0002__LoginP1Positive" name="Register" time="20.095"/>
  <testcase classname="testP1.TC0002__LoginP1Positive" name="Register" time="20.133"/>
  <testcase classname="testP1.TC0003__urlverify" name="URl" time="10.681"/>
  <testcase classname="testP1.TC0005__TitleVerify" name="Titlverify" time="38.565"/>
  <testcase classname="testP1.TC0006__SAddCartTest" name="Sadd" time="76.135"/>
  <testcase classname="testP1.TC0007__DeptAddtoCart" name="DeptAdd" time="63.577"/>
  <testcase classname="testP1.TC0008__BrandAddtoCart" name="BrandAdd" time="48.548"/>
  <testcase classname="testP1.TC0009__AddCartCheckoutandPayment" name="checkoutPay" time="173.295"/>
  <testcase classname="testP1.TC0010__NegSign" name="Negs" time="29.43"/>
  <testcase classname="testP1.TC0011__NegLogin" name="neLog" time="19.821"/>
  <testcase classname="testP1.TC0012__Negcheckout" name="NeChe" time="7.784"/>
  <testcase classname="testP1.TC0004__LinkVerification" name="linkverify" time="0.0">
    <ignored/>
  </testcase> <!-- linkverify -->
</testsuite> <!-- Test -->
