<?xml version="1.0" encoding="UTF-8"?>
<!-- Generated by org.testng.reporters.JUnitXMLReporter -->
<testsuite ignored="1" hostname="LAPTOP-50EOP4VT" failures="0" tests="13" name="Test" time="653.458" errors="0" timestamp="2023-11-28T09:34:09 IST">
  <testcase classname="testP1.TC0001__SignUpP1Positive" name="Register" time="26.408"/>
  <testcase classname="testP1.TC0001__SignUpP1Positive" name="Register" time="23.868"/>
  <testcase classname="testP1.TC0002__LoginP1Positive" name="Register" time="24.263"/>
  <testcase classname="testP1.TC0002__LoginP1Positive" name="Register" time="22.511"/>
  <testcase classname="testP1.TC0003__urlverify" name="URl" time="11.604"/>
  <testcase classname="testP1.TC0005__TitleVerify" name="Titlverify" time="46.185"/>
  <testcase classname="testP1.TC0006__SAddCartTest" name="Sadd" time="94.28"/>
  <testcase classname="testP1.TC0007__DeptAddtoCart" name="DeptAdd" time="64.153"/>
  <testcase classname="testP1.TC0008__BrandAddtoCart" name="BrandAdd" time="42.862"/>
  <testcase classname="testP1.TC0009__AddCartCheckoutandPayment" name="checkoutPay" time="159.14"/>
  <testcase classname="testP1.TC0010__NegSign" name="Negs" time="44.402"/>
  <testcase classname="testP1.TC0011__NegLogin" name="neLog" time="24.772"/>
  <testcase classname="testP1.TC0012__Negcheckout" name="NeChe" time="7.302"/>
  <testcase classname="testP1.TC0004__LinkVerification" name="linkverify" time="0.0">
    <ignored/>
  </testcase> <!-- linkverify -->
</testsuite> <!-- Test -->
