<?xml version="1.0" encoding="UTF-8"?>
<!-- Generated by org.testng.reporters.JUnitXMLReporter -->
<testsuite ignored="0" hostname="LAPTOP-50EOP4VT" failures="0" tests="17" name="Test" time="950.111" errors="0" timestamp="2023-12-03T10:38:14 IST">
  <testcase classname="testP1.TC0001__SignUpP1Positive" name="Register" time="30.275"/>
  <testcase classname="testP1.TC0001__SignUpP1Positive" name="Register" time="22.8"/>
  <testcase classname="testP1.TC0002__LoginP1Positive" name="Register" time="21.568"/>
  <testcase classname="testP1.TC0002__LoginP1Positive" name="Register" time="19.865"/>
  <testcase classname="testP1.TC0003__urlverify" name="URl" time="9.718"/>
  <testcase classname="testP1.TC0004__LinkVerification" name="linkverify" time="103.893"/>
  <testcase classname="testP1.TC0005__TitleVerify" name="Titlverify" time="45.505"/>
  <testcase classname="testP1.TC0006__SAddCartTest" name="Sadd" time="96.673"/>
  <testcase classname="testP1.TC0007__DeptAddtoCart" name="DeptAdd" time="65.265"/>
  <testcase classname="testP1.TC0008__BrandAddtoCart" name="BrandAdd" time="46.472"/>
  <testcase classname="testP1.TC0009__AddCartCheckoutandPayment" name="checkoutPay" time="193.924"/>
  <testcase classname="testP1.TC0010__NegSign" name="Negs" time="44.972"/>
  <testcase classname="testP1.TC0011__NegLogin" name="neLog" time="34.917"/>
  <testcase classname="testP1.TC0012__Negcheckout" name="NeChe" time="20.151"/>
  <testcase classname="testP1.TC0013__NegativeLoginsTests" name="NLoginT" time="47.957"/>
  <testcase classname="testP1.TC0013__NegativeLoginsTests" name="NLoginT" time="36.485"/>
  <testcase classname="testP1.TC0013__NegativeLoginsTests" name="NLoginT" time="38.721"/>
</testsuite> <!-- Test -->
