<?xml version="1.0" encoding="UTF-8"?>
<!-- Generated by org.testng.reporters.JUnitXMLReporter -->
<testsuite ignored="0" hostname="LAPTOP-50EOP4VT" failures="0" tests="14" name="Test" time="708.239" errors="0" timestamp="2023-11-29T17:42:02 IST">
  <testcase classname="testP1.TC0001__SignUpP1Positive" name="Register" time="23.297"/>
  <testcase classname="testP1.TC0001__SignUpP1Positive" name="Register" time="23.734"/>
  <testcase classname="testP1.TC0002__LoginP1Positive" name="Register" time="29.255"/>
  <testcase classname="testP1.TC0002__LoginP1Positive" name="Register" time="20.804"/>
  <testcase classname="testP1.TC0003__urlverify" name="URl" time="10.761"/>
  <testcase classname="testP1.TC0004__LinkVerification" name="linkverify" time="90.803"/>
  <testcase classname="testP1.TC0005__TitleVerify" name="Titlverify" time="39.905"/>
  <testcase classname="testP1.TC0006__SAddCartTest" name="Sadd" time="84.948"/>
  <testcase classname="testP1.TC0007__DeptAddtoCart" name="DeptAdd" time="55.928"/>
  <testcase classname="testP1.TC0008__BrandAddtoCart" name="BrandAdd" time="43.727"/>
  <testcase classname="testP1.TC0009__AddCartCheckoutandPayment" name="checkoutPay" time="178.603"/>
  <testcase classname="testP1.TC0010__NegSign" name="Negs" time="26.77"/>
  <testcase classname="testP1.TC0011__NegLogin" name="neLog" time="20.035"/>
  <testcase classname="testP1.TC0012__Negcheckout" name="NeChe" time="7.637"/>
</testsuite> <!-- Test -->
