<?xml version="1.0" encoding="UTF-8"?>
<!-- Generated by org.testng.reporters.JUnitXMLReporter -->
<testsuite ignored="0" hostname="LAPTOP-50EOP4VT" failures="0" tests="14" name="Test" time="815.6" errors="0" timestamp="2023-11-28T17:38:00 IST">
  <testcase classname="testP1.TC0001__SignUpP1Positive" name="Register" time="30.397"/>
  <testcase classname="testP1.TC0001__SignUpP1Positive" name="Register" time="31.531"/>
  <testcase classname="testP1.TC0002__LoginP1Positive" name="Register" time="31.768"/>
  <testcase classname="testP1.TC0002__LoginP1Positive" name="Register" time="22.064"/>
  <testcase classname="testP1.TC0003__urlverify" name="URl" time="8.916"/>
  <testcase classname="testP1.TC0004__LinkVerification" name="linkverify" time="135.351"/>
  <testcase classname="testP1.TC0005__TitleVerify" name="Titlverify" time="50.05"/>
  <testcase classname="testP1.TC0006__SAddCartTest" name="Sadd" time="78.363"/>
  <testcase classname="testP1.TC0007__DeptAddtoCart" name="DeptAdd" time="67.614"/>
  <testcase classname="testP1.TC0008__BrandAddtoCart" name="BrandAdd" time="49.967"/>
  <testcase classname="testP1.TC0009__AddCartCheckoutandPayment" name="checkoutPay" time="174.225"/>
  <testcase classname="testP1.TC0010__NegSign" name="Negs" time="23.495"/>
  <testcase classname="testP1.TC0011__NegLogin" name="neLog" time="23.966"/>
  <testcase classname="testP1.TC0012__Negcheckout" name="NeChe" time="8.155"/>
</testsuite> <!-- Test -->
