<?xml version="1.0" encoding="UTF-8"?>
<!-- Generated by org.testng.reporters.JUnitXMLReporter -->
<testsuite ignored="0" hostname="LAPTOP-50EOP4VT" failures="0" tests="17" name="Test" time="904.572" errors="0" timestamp="2023-12-04T13:41:20 IST">
  <testcase classname="testP1.TC0001__SignUpP1Positive" name="Register" time="20.97"/>
  <testcase classname="testP1.TC0001__SignUpP1Positive" name="Register" time="20.83"/>
  <testcase classname="testP1.TC0002__LoginP1Positive" name="Register" time="18.301"/>
  <testcase classname="testP1.TC0002__LoginP1Positive" name="Register" time="18.879"/>
  <testcase classname="testP1.TC0003__urlverify" name="URl" time="12.769"/>
  <testcase classname="testP1.TC0004__LinkVerification" name="linkverify" time="153.325"/>
  <testcase classname="testP1.TC0005__TitleVerify" name="Titlverify" time="38.141"/>
  <testcase classname="testP1.TC0006__SAddCartTest" name="Sadd" time="82.593"/>
  <testcase classname="testP1.TC0007__DeptAddtoCart" name="DeptAdd" time="62.805"/>
  <testcase classname="testP1.TC0008__BrandAddtoCart" name="BrandAdd" time="40.482"/>
  <testcase classname="testP1.TC0009__AddCartCheckoutandPayment" name="checkoutPay" time="210.086"/>
  <testcase classname="testP1.TC0010__NegSign" name="Negs" time="27.665"/>
  <testcase classname="testP1.TC0011__NegLogin" name="neLog" time="23.141"/>
  <testcase classname="testP1.TC0012__Negcheckout" name="NeChe" time="6.095"/>
  <testcase classname="testP1.TC0013__NegativeLoginsTests" name="NLoginT" time="27.099"/>
  <testcase classname="testP1.TC0013__NegativeLoginsTests" name="NLoginT" time="39.357"/>
  <testcase classname="testP1.TC0013__NegativeLoginsTests" name="NLoginT" time="36.761"/>
</testsuite> <!-- Test -->
