<?xml version="1.0" encoding="UTF-8"?>
<!-- Generated by org.testng.reporters.JUnitXMLReporter -->
<testsuite ignored="1" hostname="LAPTOP-50EOP4VT" failures="0" tests="13" name="Test" time="745.443" errors="0" timestamp="2023-11-28T15:09:13 IST">
  <testcase classname="testP1.TC0001__SignUpP1Positive" name="Register" time="27.045"/>
  <testcase classname="testP1.TC0001__SignUpP1Positive" name="Register" time="26.181"/>
  <testcase classname="testP1.TC0002__LoginP1Positive" name="Register" time="35.37"/>
  <testcase classname="testP1.TC0002__LoginP1Positive" name="Register" time="35.173"/>
  <testcase classname="testP1.TC0003__urlverify" name="URl" time="10.881"/>
  <testcase classname="testP1.TC0005__TitleVerify" name="Titlverify" time="48.458"/>
  <testcase classname="testP1.TC0006__SAddCartTest" name="Sadd" time="83.671"/>
  <testcase classname="testP1.TC0007__DeptAddtoCart" name="DeptAdd" time="65.6"/>
  <testcase classname="testP1.TC0008__BrandAddtoCart" name="BrandAdd" time="55.754"/>
  <testcase classname="testP1.TC0009__AddCartCheckoutandPayment" name="checkoutPay" time="230.846"/>
  <testcase classname="testP1.TC0010__NegSign" name="Negs" time="26.659"/>
  <testcase classname="testP1.TC0011__NegLogin" name="neLog" time="21.717"/>
  <testcase classname="testP1.TC0012__Negcheckout" name="NeChe" time="7.024"/>
  <testcase classname="testP1.TC0004__LinkVerification" name="linkverify" time="0.0">
    <ignored/>
  </testcase> <!-- linkverify -->
</testsuite> <!-- Test -->
