<?xml version="1.0" encoding="UTF-8"?>
<!-- Generated by org.testng.reporters.JUnitXMLReporter -->
<testsuite ignored="0" hostname="LAPTOP-50EOP4VT" failures="0" tests="14" name="Test" time="671.137" errors="0" timestamp="2023-11-24T16:34:56 IST">
  <testcase classname="testP1.TC0001__SignUpP1Positive" name="Register" time="25.404"/>
  <testcase classname="testP1.TC0001__SignUpP1Positive" name="Register" time="22.63"/>
  <testcase classname="testP1.TC0002__LoginP1Positive" name="Register" time="19.774"/>
  <testcase classname="testP1.TC0002__LoginP1Positive" name="Register" time="17.743"/>
  <testcase classname="testP1.TC0003__urlverify" name="URl" time="10.771"/>
  <testcase classname="testP1.TC0004__LinkVerification" name="linkverify" time="90.627"/>
  <testcase classname="testP1.TC0005__TitleVerify" name="Titlverify" time="38.572"/>
  <testcase classname="testP1.TC0006__SAddCartTest" name="Sadd" time="83.501"/>
  <testcase classname="testP1.TC0007__DeptAddtoCart" name="DeptAdd" time="55.071"/>
  <testcase classname="testP1.TC0008__BrandAddtoCart" name="BrandAdd" time="42.58"/>
  <testcase classname="testP1.TC0009__AddCartCheckoutandPayment" name="checkoutPay" time="164.335"/>
  <testcase classname="testP1.TC0010__NegSign" name="Negs" time="18.823"/>
  <testcase classname="testP1.TC0011__NegLogin" name="neLog" time="19.352"/>
  <testcase classname="testP1.TC0012__Negcheckout" name="NeChe" time="5.96"/>
</testsuite> <!-- Test -->
