<?xml version="1.0" encoding="UTF-8"?>
<testng-results ignored="0" total="13" passed="13" failed="0" skipped="0">
  <reporter-output>
  </reporter-output>
  <suite started-at="2023-11-27T11:07:30 IST" name="Suite" finished-at="2023-11-27T11:17:56 IST" duration-ms="625732">
    <groups>
    </groups>
    <test started-at="2023-11-27T11:07:30 IST" name="Test" finished-at="2023-11-27T11:17:56 IST" duration-ms="625732">
      <class name="testP1.TC0010__NegSign">
        <test-method is-config="true" signature="Launcbrowser(java.lang.String,java.lang.String)[pri:0, instance:testP1.TC0010__NegSign@b86de0d]" started-at="2023-11-27T11:16:45 IST" name="Launcbrowser" finished-at="2023-11-27T11:16:48 IST" duration-ms="3686" status="PASS">
          <params>
            <param index="0">
              <value>
                <![CDATA[https://www.bestbuy.com/]]>
              </value>
            </param>
            <param index="1">
              <value>
                <![CDATA[chrome]]>
              </value>
            </param>
          </params>
          <reporter-output>
          </reporter-output>
        </test-method> <!-- Launcbrowser -->
        <test-method signature="Negs()[pri:10, instance:testP1.TC0010__NegSign@b86de0d]" started-at="2023-11-27T11:16:48 IST" name="Negs" finished-at="2023-11-27T11:17:18 IST" duration-ms="29430" status="PASS">
          <reporter-output>
          </reporter-output>
        </test-method> <!-- Negs -->
        <test-method is-config="true" signature="close()[pri:0, instance:testP1.TC0010__NegSign@b86de0d]" started-at="2023-11-27T11:17:18 IST" name="close" finished-at="2023-11-27T11:17:19 IST" duration-ms="420" status="PASS">
          <reporter-output>
          </reporter-output>
        </test-method> <!-- close -->
      </class> <!-- testP1.TC0010__NegSign -->
      <class name="testP1.TC0005__TitleVerify">
        <test-method is-config="true" signature="Launcbrowser(java.lang.String,java.lang.String)[pri:0, instance:testP1.TC0005__TitleVerify@4c5ae43b]" started-at="2023-11-27T11:09:41 IST" name="Launcbrowser" finished-at="2023-11-27T11:09:44 IST" duration-ms="3551" status="PASS">
          <params>
            <param index="0">
              <value>
                <![CDATA[https://www.bestbuy.com/]]>
              </value>
            </param>
            <param index="1">
              <value>
                <![CDATA[chrome]]>
              </value>
            </param>
          </params>
          <reporter-output>
          </reporter-output>
        </test-method> <!-- Launcbrowser -->
        <test-method signature="Titlverify()[pri:5, instance:testP1.TC0005__TitleVerify@4c5ae43b]" started-at="2023-11-27T11:09:44 IST" name="Titlverify" finished-at="2023-11-27T11:10:23 IST" duration-ms="38565" status="PASS">
          <reporter-output>
          </reporter-output>
        </test-method> <!-- Titlverify -->
        <test-method is-config="true" signature="close()[pri:0, instance:testP1.TC0005__TitleVerify@4c5ae43b]" started-at="2023-11-27T11:10:23 IST" name="close" finished-at="2023-11-27T11:10:24 IST" duration-ms="1004" status="PASS">
          <reporter-output>
          </reporter-output>
        </test-method> <!-- close -->
      </class> <!-- testP1.TC0005__TitleVerify -->
      <class name="testP1.TC0012__Negcheckout">
        <test-method is-config="true" signature="Launcbrowser(java.lang.String,java.lang.String)[pri:0, instance:testP1.TC0012__Negcheckout@747f281]" started-at="2023-11-27T11:17:42 IST" name="Launcbrowser" finished-at="2023-11-27T11:17:47 IST" duration-ms="4725" status="PASS">
          <params>
            <param index="0">
              <value>
                <![CDATA[https://www.bestbuy.com/]]>
              </value>
            </param>
            <param index="1">
              <value>
                <![CDATA[chrome]]>
              </value>
            </param>
          </params>
          <reporter-output>
          </reporter-output>
        </test-method> <!-- Launcbrowser -->
        <test-method signature="NeChe()[pri:12, instance:testP1.TC0012__Negcheckout@747f281]" started-at="2023-11-27T11:17:47 IST" name="NeChe" finished-at="2023-11-27T11:17:55 IST" duration-ms="7784" status="PASS">
          <reporter-output>
          </reporter-output>
        </test-method> <!-- NeChe -->
        <test-method is-config="true" signature="close()[pri:0, instance:testP1.TC0012__Negcheckout@747f281]" started-at="2023-11-27T11:17:55 IST" name="close" finished-at="2023-11-27T11:17:56 IST" duration-ms="630" status="PASS">
          <reporter-output>
          </reporter-output>
        </test-method> <!-- close -->
      </class> <!-- testP1.TC0012__Negcheckout -->
      <class name="testP1.TC0008__BrandAddtoCart">
        <test-method is-config="true" signature="Launcbrowser(java.lang.String,java.lang.String)[pri:0, instance:testP1.TC0008__BrandAddtoCart@35b74c5c]" started-at="2023-11-27T11:12:54 IST" name="Launcbrowser" finished-at="2023-11-27T11:12:57 IST" duration-ms="3340" status="PASS">
          <params>
            <param index="0">
              <value>
                <![CDATA[https://www.bestbuy.com/]]>
              </value>
            </param>
            <param index="1">
              <value>
                <![CDATA[chrome]]>
              </value>
            </param>
          </params>
          <reporter-output>
          </reporter-output>
        </test-method> <!-- Launcbrowser -->
        <test-method signature="BrandAdd()[pri:8, instance:testP1.TC0008__BrandAddtoCart@35b74c5c]" started-at="2023-11-27T11:12:57 IST" name="BrandAdd" finished-at="2023-11-27T11:13:46 IST" duration-ms="48548" status="PASS">
          <reporter-output>
          </reporter-output>
        </test-method> <!-- BrandAdd -->
        <test-method is-config="true" signature="close()[pri:0, instance:testP1.TC0008__BrandAddtoCart@35b74c5c]" started-at="2023-11-27T11:13:46 IST" name="close" finished-at="2023-11-27T11:13:47 IST" duration-ms="882" status="PASS">
          <reporter-output>
          </reporter-output>
        </test-method> <!-- close -->
      </class> <!-- testP1.TC0008__BrandAddtoCart -->
      <class name="testP1.TC0009__AddCartCheckoutandPayment">
        <test-method is-config="true" signature="Launcbrowser(java.lang.String,java.lang.String)[pri:0, instance:testP1.TC0009__AddCartCheckoutandPayment@2e570ded]" started-at="2023-11-27T11:13:47 IST" name="Launcbrowser" finished-at="2023-11-27T11:13:51 IST" duration-ms="3385" status="PASS">
          <params>
            <param index="0">
              <value>
                <![CDATA[https://www.bestbuy.com/]]>
              </value>
            </param>
            <param index="1">
              <value>
                <![CDATA[chrome]]>
              </value>
            </param>
          </params>
          <reporter-output>
          </reporter-output>
        </test-method> <!-- Launcbrowser -->
        <test-method signature="checkoutPay()[pri:9, instance:testP1.TC0009__AddCartCheckoutandPayment@2e570ded]" started-at="2023-11-27T11:13:51 IST" name="checkoutPay" finished-at="2023-11-27T11:16:44 IST" duration-ms="173295" status="PASS">
          <reporter-output>
          </reporter-output>
        </test-method> <!-- checkoutPay -->
        <test-method is-config="true" signature="close()[pri:0, instance:testP1.TC0009__AddCartCheckoutandPayment@2e570ded]" started-at="2023-11-27T11:16:44 IST" name="close" finished-at="2023-11-27T11:16:45 IST" duration-ms="683" status="PASS">
          <reporter-output>
          </reporter-output>
        </test-method> <!-- close -->
      </class> <!-- testP1.TC0009__AddCartCheckoutandPayment -->
      <class name="testP1.TC0002__LoginP1Positive">
        <test-method is-config="true" signature="FileRead()[pri:0, instance:testP1.TC0002__LoginP1Positive@3cce57c7]" started-at="2023-11-27T11:07:30 IST" name="FileRead" finished-at="2023-11-27T11:07:30 IST" duration-ms="1" status="PASS">
          <reporter-output>
          </reporter-output>
        </test-method> <!-- FileRead -->
        <test-method is-config="true" signature="Launcbrowser(java.lang.String,java.lang.String)[pri:0, instance:testP1.TC0002__LoginP1Positive@3cce57c7]" started-at="2023-11-27T11:08:33 IST" name="Launcbrowser" finished-at="2023-11-27T11:08:38 IST" duration-ms="4365" status="PASS">
          <params>
            <param index="0">
              <value>
                <![CDATA[https://www.bestbuy.com/]]>
              </value>
            </param>
            <param index="1">
              <value>
                <![CDATA[chrome]]>
              </value>
            </param>
          </params>
          <reporter-output>
          </reporter-output>
        </test-method> <!-- Launcbrowser -->
        <test-method signature="Register(java.lang.String,java.lang.String)[pri:2, instance:testP1.TC0002__LoginP1Positive@3cce57c7]" started-at="2023-11-27T11:08:38 IST" name="Register" data-provider="getdata" finished-at="2023-11-27T11:08:58 IST" duration-ms="20095" status="PASS">
          <params>
            <param index="0">
              <value>
                <![CDATA[Vignesh123@gmail.com]]>
              </value>
            </param>
            <param index="1">
              <value>
                <![CDATA[Vignesh@123]]>
              </value>
            </param>
          </params>
          <reporter-output>
          </reporter-output>
        </test-method> <!-- Register -->
        <test-method is-config="true" signature="close()[pri:0, instance:testP1.TC0002__LoginP1Positive@3cce57c7]" started-at="2023-11-27T11:08:58 IST" name="close" finished-at="2023-11-27T11:09:00 IST" duration-ms="1564" status="PASS">
          <reporter-output>
          </reporter-output>
        </test-method> <!-- close -->
        <test-method is-config="true" signature="Launcbrowser(java.lang.String,java.lang.String)[pri:0, instance:testP1.TC0002__LoginP1Positive@3cce57c7]" started-at="2023-11-27T11:09:00 IST" name="Launcbrowser" finished-at="2023-11-27T11:09:03 IST" duration-ms="3216" status="PASS">
          <params>
            <param index="0">
              <value>
                <![CDATA[https://www.bestbuy.com/]]>
              </value>
            </param>
            <param index="1">
              <value>
                <![CDATA[chrome]]>
              </value>
            </param>
          </params>
          <reporter-output>
          </reporter-output>
        </test-method> <!-- Launcbrowser -->
        <test-method signature="Register(java.lang.String,java.lang.String)[pri:2, instance:testP1.TC0002__LoginP1Positive@3cce57c7]" started-at="2023-11-27T11:09:03 IST" name="Register" data-provider="getdata" finished-at="2023-11-27T11:09:23 IST" duration-ms="20133" status="PASS">
          <params>
            <param index="0">
              <value>
                <![CDATA[]]>
              </value>
            </param>
            <param index="1">
              <value>
                <![CDATA[]]>
              </value>
            </param>
          </params>
          <reporter-output>
          </reporter-output>
        </test-method> <!-- Register -->
        <test-method is-config="true" signature="close()[pri:0, instance:testP1.TC0002__LoginP1Positive@3cce57c7]" started-at="2023-11-27T11:09:25 IST" name="close" finished-at="2023-11-27T11:09:25 IST" duration-ms="560" status="PASS">
          <reporter-output>
          </reporter-output>
        </test-method> <!-- close -->
      </class> <!-- testP1.TC0002__LoginP1Positive -->
      <class name="testP1.TC0001__SignUpP1Positive">
        <test-method is-config="true" signature="ReadExcel()[pri:0, instance:testP1.TC0001__SignUpP1Positive@638ef7ed]" started-at="2023-11-27T11:07:30 IST" name="ReadExcel" finished-at="2023-11-27T11:07:30 IST" duration-ms="24" status="PASS">
          <reporter-output>
          </reporter-output>
        </test-method> <!-- ReadExcel -->
        <test-method is-config="true" signature="Launcbrowser(java.lang.String,java.lang.String)[pri:0, instance:testP1.TC0001__SignUpP1Positive@638ef7ed]" started-at="2023-11-27T11:07:33 IST" name="Launcbrowser" finished-at="2023-11-27T11:07:41 IST" duration-ms="8213" status="PASS">
          <params>
            <param index="0">
              <value>
                <![CDATA[https://www.bestbuy.com/]]>
              </value>
            </param>
            <param index="1">
              <value>
                <![CDATA[chrome]]>
              </value>
            </param>
          </params>
          <reporter-output>
          </reporter-output>
        </test-method> <!-- Launcbrowser -->
        <test-method signature="Register(java.lang.String,java.lang.String)[pri:1, instance:testP1.TC0001__SignUpP1Positive@638ef7ed]" started-at="2023-11-27T11:07:41 IST" name="Register" data-provider="getdata" finished-at="2023-11-27T11:08:05 IST" duration-ms="24170" status="PASS">
          <params>
            <param index="0">
              <value>
                <![CDATA[Vignesh123@gmail.com]]>
              </value>
            </param>
            <param index="1">
              <value>
                <![CDATA[Vignesh@123]]>
              </value>
            </param>
          </params>
          <reporter-output>
          </reporter-output>
        </test-method> <!-- Register -->
        <test-method is-config="true" signature="close()[pri:0, instance:testP1.TC0001__SignUpP1Positive@638ef7ed]" started-at="2023-11-27T11:08:05 IST" name="close" finished-at="2023-11-27T11:08:06 IST" duration-ms="491" status="PASS">
          <reporter-output>
          </reporter-output>
        </test-method> <!-- close -->
        <test-method is-config="true" signature="Launcbrowser(java.lang.String,java.lang.String)[pri:0, instance:testP1.TC0001__SignUpP1Positive@638ef7ed]" started-at="2023-11-27T11:08:06 IST" name="Launcbrowser" finished-at="2023-11-27T11:08:09 IST" duration-ms="2626" status="PASS">
          <params>
            <param index="0">
              <value>
                <![CDATA[https://www.bestbuy.com/]]>
              </value>
            </param>
            <param index="1">
              <value>
                <![CDATA[chrome]]>
              </value>
            </param>
          </params>
          <reporter-output>
          </reporter-output>
        </test-method> <!-- Launcbrowser -->
        <test-method signature="Register(java.lang.String,java.lang.String)[pri:1, instance:testP1.TC0001__SignUpP1Positive@638ef7ed]" started-at="2023-11-27T11:08:09 IST" name="Register" data-provider="getdata" finished-at="2023-11-27T11:08:32 IST" duration-ms="23688" status="PASS">
          <params>
            <param index="0">
              <value>
                <![CDATA[]]>
              </value>
            </param>
            <param index="1">
              <value>
                <![CDATA[]]>
              </value>
            </param>
          </params>
          <reporter-output>
          </reporter-output>
        </test-method> <!-- Register -->
        <test-method is-config="true" signature="close()[pri:0, instance:testP1.TC0001__SignUpP1Positive@638ef7ed]" started-at="2023-11-27T11:08:33 IST" name="close" finished-at="2023-11-27T11:08:33 IST" duration-ms="368" status="PASS">
          <reporter-output>
          </reporter-output>
        </test-method> <!-- close -->
      </class> <!-- testP1.TC0001__SignUpP1Positive -->
      <class name="testP1.TC0011__NegLogin">
        <test-method is-config="true" signature="Launcbrowser(java.lang.String,java.lang.String)[pri:0, instance:testP1.TC0011__NegLogin@81d9a72]" started-at="2023-11-27T11:17:19 IST" name="Launcbrowser" finished-at="2023-11-27T11:17:22 IST" duration-ms="3161" status="PASS">
          <params>
            <param index="0">
              <value>
                <![CDATA[https://www.bestbuy.com/]]>
              </value>
            </param>
            <param index="1">
              <value>
                <![CDATA[chrome]]>
              </value>
            </param>
          </params>
          <reporter-output>
          </reporter-output>
        </test-method> <!-- Launcbrowser -->
        <test-method signature="neLog()[pri:11, instance:testP1.TC0011__NegLogin@81d9a72]" started-at="2023-11-27T11:17:22 IST" name="neLog" finished-at="2023-11-27T11:17:42 IST" duration-ms="19821" status="PASS">
          <reporter-output>
          </reporter-output>
        </test-method> <!-- neLog -->
        <test-method is-config="true" signature="close()[pri:0, instance:testP1.TC0011__NegLogin@81d9a72]" started-at="2023-11-27T11:17:42 IST" name="close" finished-at="2023-11-27T11:17:42 IST" duration-ms="565" status="PASS">
          <reporter-output>
          </reporter-output>
        </test-method> <!-- close -->
      </class> <!-- testP1.TC0011__NegLogin -->
      <class name="testP1.TC0007__DeptAddtoCart">
        <test-method is-config="true" signature="Launcbrowser(java.lang.String,java.lang.String)[pri:0, instance:testP1.TC0007__DeptAddtoCart@3576ddc2]" started-at="2023-11-27T11:11:46 IST" name="Launcbrowser" finished-at="2023-11-27T11:11:49 IST" duration-ms="3723" status="PASS">
          <params>
            <param index="0">
              <value>
                <![CDATA[https://www.bestbuy.com/]]>
              </value>
            </param>
            <param index="1">
              <value>
                <![CDATA[chrome]]>
              </value>
            </param>
          </params>
          <reporter-output>
          </reporter-output>
        </test-method> <!-- Launcbrowser -->
        <test-method signature="DeptAdd()[pri:7, instance:testP1.TC0007__DeptAddtoCart@3576ddc2]" started-at="2023-11-27T11:11:49 IST" name="DeptAdd" finished-at="2023-11-27T11:12:53 IST" duration-ms="63577" status="PASS">
          <reporter-output>
          </reporter-output>
        </test-method> <!-- DeptAdd -->
        <test-method is-config="true" signature="close()[pri:0, instance:testP1.TC0007__DeptAddtoCart@3576ddc2]" started-at="2023-11-27T11:12:53 IST" name="close" finished-at="2023-11-27T11:12:54 IST" duration-ms="930" status="PASS">
          <reporter-output>
          </reporter-output>
        </test-method> <!-- close -->
      </class> <!-- testP1.TC0007__DeptAddtoCart -->
      <class name="testP1.TC0006__SAddCartTest">
        <test-method is-config="true" signature="Launcbrowser(java.lang.String,java.lang.String)[pri:0, instance:testP1.TC0006__SAddCartTest@264f218]" started-at="2023-11-27T11:10:24 IST" name="Launcbrowser" finished-at="2023-11-27T11:10:28 IST" duration-ms="3748" status="PASS">
          <params>
            <param index="0">
              <value>
                <![CDATA[https://www.bestbuy.com/]]>
              </value>
            </param>
            <param index="1">
              <value>
                <![CDATA[chrome]]>
              </value>
            </param>
          </params>
          <reporter-output>
          </reporter-output>
        </test-method> <!-- Launcbrowser -->
        <test-method signature="Sadd()[pri:6, instance:testP1.TC0006__SAddCartTest@264f218]" started-at="2023-11-27T11:10:28 IST" name="Sadd" finished-at="2023-11-27T11:11:44 IST" duration-ms="76135" status="PASS">
          <reporter-output>
          </reporter-output>
        </test-method> <!-- Sadd -->
        <test-method is-config="true" signature="close()[pri:0, instance:testP1.TC0006__SAddCartTest@264f218]" started-at="2023-11-27T11:11:44 IST" name="close" finished-at="2023-11-27T11:11:46 IST" duration-ms="1244" status="PASS">
          <reporter-output>
          </reporter-output>
        </test-method> <!-- close -->
      </class> <!-- testP1.TC0006__SAddCartTest -->
      <class name="testP1.TC0003__urlverify">
        <test-method is-config="true" signature="Launcbrowser(java.lang.String,java.lang.String)[pri:0, instance:testP1.TC0003__urlverify@1cf56a1c]" started-at="2023-11-27T11:09:25 IST" name="Launcbrowser" finished-at="2023-11-27T11:09:29 IST" duration-ms="3335" status="PASS">
          <params>
            <param index="0">
              <value>
                <![CDATA[https://www.bestbuy.com/]]>
              </value>
            </param>
            <param index="1">
              <value>
                <![CDATA[chrome]]>
              </value>
            </param>
          </params>
          <reporter-output>
          </reporter-output>
        </test-method> <!-- Launcbrowser -->
        <test-method signature="URl()[pri:3, instance:testP1.TC0003__urlverify@1cf56a1c]" started-at="2023-11-27T11:09:29 IST" name="URl" finished-at="2023-11-27T11:09:39 IST" duration-ms="10681" status="PASS">
          <reporter-output>
          </reporter-output>
        </test-method> <!-- URl -->
        <test-method is-config="true" signature="close()[pri:0, instance:testP1.TC0003__urlverify@1cf56a1c]" started-at="2023-11-27T11:09:40 IST" name="close" finished-at="2023-11-27T11:09:41 IST" duration-ms="427" status="PASS">
          <reporter-output>
          </reporter-output>
        </test-method> <!-- close -->
      </class> <!-- testP1.TC0003__urlverify -->
    </test> <!-- Test -->
  </suite> <!-- Suite -->
</testng-results>
